Determining if the pthread_create exist failed with the following output:
Change Dir: /home/rajendra/ws_moveit/build_isolated/moveit_task_constructor_capabilities/CMakeFiles/CMakeTmp

Run Build Command:"/usr/bin/make" "cmTC_cbb97/fast"
/usr/bin/make -f CMakeFiles/cmTC_cbb97.dir/build.make CMakeFiles/cmTC_cbb97.dir/build
make[1]: Entering directory '/home/rajendra/ws_moveit/build_isolated/moveit_task_constructor_capabilities/CMakeFiles/CMakeTmp'
Building C object CMakeFiles/cmTC_cbb97.dir/CheckSymbolExists.c.o
/usr/bin/cc    -o CMakeFiles/cmTC_cbb97.dir/CheckSymbolExists.c.o   -c /home/rajendra/ws_moveit/build_isolated/moveit_task_constructor_capabilities/CMakeFiles/CMakeTmp/CheckSymbolExists.c
Linking C executable cmTC_cbb97
/usr/bin/cmake -E cmake_link_script CMakeFiles/cmTC_cbb97.dir/link.txt --verbose=1
/usr/bin/cc      -rdynamic CMakeFiles/cmTC_cbb97.dir/CheckSymbolExists.c.o  -o cmTC_cbb97 
CMakeFiles/cmTC_cbb97.dir/CheckSymbolExists.c.o: In function `main':
CheckSymbolExists.c:(.text+0x1b): undefined reference to `pthread_create'
collect2: error: ld returned 1 exit status
CMakeFiles/cmTC_cbb97.dir/build.make:97: recipe for target 'cmTC_cbb97' failed
make[1]: *** [cmTC_cbb97] Error 1
make[1]: Leaving directory '/home/rajendra/ws_moveit/build_isolated/moveit_task_constructor_capabilities/CMakeFiles/CMakeTmp'
Makefile:126: recipe for target 'cmTC_cbb97/fast' failed
make: *** [cmTC_cbb97/fast] Error 2

File /home/rajendra/ws_moveit/build_isolated/moveit_task_constructor_capabilities/CMakeFiles/CMakeTmp/CheckSymbolExists.c:
/* */
#include <pthread.h>

int main(int argc, char** argv)
{
  (void)argv;
#ifndef pthread_create
  return ((int*)(&pthread_create))[argc];
#else
  (void)argc;
  return 0;
#endif
}

Determining if the function pthread_create exists in the pthreads failed with the following output:
Change Dir: /home/rajendra/ws_moveit/build_isolated/moveit_task_constructor_capabilities/CMakeFiles/CMakeTmp

Run Build Command:"/usr/bin/make" "cmTC_8d6e1/fast"
/usr/bin/make -f CMakeFiles/cmTC_8d6e1.dir/build.make CMakeFiles/cmTC_8d6e1.dir/build
make[1]: Entering directory '/home/rajendra/ws_moveit/build_isolated/moveit_task_constructor_capabilities/CMakeFiles/CMakeTmp'
Building C object CMakeFiles/cmTC_8d6e1.dir/CheckFunctionExists.c.o
/usr/bin/cc   -DCHECK_FUNCTION_EXISTS=pthread_create   -o CMakeFiles/cmTC_8d6e1.dir/CheckFunctionExists.c.o   -c /usr/share/cmake-3.10/Modules/CheckFunctionExists.c
Linking C executable cmTC_8d6e1
/usr/bin/cmake -E cmake_link_script CMakeFiles/cmTC_8d6e1.dir/link.txt --verbose=1
/usr/bin/cc  -DCHECK_FUNCTION_EXISTS=pthread_create    -rdynamic CMakeFiles/cmTC_8d6e1.dir/CheckFunctionExists.c.o  -o cmTC_8d6e1 -lpthreads 
/usr/bin/ld: cannot find -lpthreads
collect2: error: ld returned 1 exit status
CMakeFiles/cmTC_8d6e1.dir/build.make:97: recipe for target 'cmTC_8d6e1' failed
make[1]: *** [cmTC_8d6e1] Error 1
make[1]: Leaving directory '/home/rajendra/ws_moveit/build_isolated/moveit_task_constructor_capabilities/CMakeFiles/CMakeTmp'
Makefile:126: recipe for target 'cmTC_8d6e1/fast' failed
make: *** [cmTC_8d6e1/fast] Error 2


