Determining if the pthread_create exist failed with the following output:
Change Dir: /home/rajendra/ws_moveit/build_isolated/moveit_plugins/CMakeFiles/CMakeTmp

Run Build Command:"/usr/bin/make" "cmTC_7d472/fast"
/usr/bin/make -f CMakeFiles/cmTC_7d472.dir/build.make CMakeFiles/cmTC_7d472.dir/build
make[1]: Entering directory '/home/rajendra/ws_moveit/build_isolated/moveit_plugins/CMakeFiles/CMakeTmp'
Building C object CMakeFiles/cmTC_7d472.dir/CheckSymbolExists.c.o
/usr/bin/cc    -o CMakeFiles/cmTC_7d472.dir/CheckSymbolExists.c.o   -c /home/rajendra/ws_moveit/build_isolated/moveit_plugins/CMakeFiles/CMakeTmp/CheckSymbolExists.c
Linking C executable cmTC_7d472
/usr/bin/cmake -E cmake_link_script CMakeFiles/cmTC_7d472.dir/link.txt --verbose=1
/usr/bin/cc      -rdynamic CMakeFiles/cmTC_7d472.dir/CheckSymbolExists.c.o  -o cmTC_7d472 
CMakeFiles/cmTC_7d472.dir/CheckSymbolExists.c.o: In function `main':
CheckSymbolExists.c:(.text+0x1b): undefined reference to `pthread_create'
collect2: error: ld returned 1 exit status
CMakeFiles/cmTC_7d472.dir/build.make:97: recipe for target 'cmTC_7d472' failed
make[1]: *** [cmTC_7d472] Error 1
make[1]: Leaving directory '/home/rajendra/ws_moveit/build_isolated/moveit_plugins/CMakeFiles/CMakeTmp'
Makefile:126: recipe for target 'cmTC_7d472/fast' failed
make: *** [cmTC_7d472/fast] Error 2

File /home/rajendra/ws_moveit/build_isolated/moveit_plugins/CMakeFiles/CMakeTmp/CheckSymbolExists.c:
/* */
#include <pthread.h>

int main(int argc, char** argv)
{
  (void)argv;
#ifndef pthread_create
  return ((int*)(&pthread_create))[argc];
#else
  (void)argc;
  return 0;
#endif
}

Determining if the function pthread_create exists in the pthreads failed with the following output:
Change Dir: /home/rajendra/ws_moveit/build_isolated/moveit_plugins/CMakeFiles/CMakeTmp

Run Build Command:"/usr/bin/make" "cmTC_dec08/fast"
/usr/bin/make -f CMakeFiles/cmTC_dec08.dir/build.make CMakeFiles/cmTC_dec08.dir/build
make[1]: Entering directory '/home/rajendra/ws_moveit/build_isolated/moveit_plugins/CMakeFiles/CMakeTmp'
Building C object CMakeFiles/cmTC_dec08.dir/CheckFunctionExists.c.o
/usr/bin/cc   -DCHECK_FUNCTION_EXISTS=pthread_create   -o CMakeFiles/cmTC_dec08.dir/CheckFunctionExists.c.o   -c /usr/share/cmake-3.10/Modules/CheckFunctionExists.c
Linking C executable cmTC_dec08
/usr/bin/cmake -E cmake_link_script CMakeFiles/cmTC_dec08.dir/link.txt --verbose=1
/usr/bin/cc  -DCHECK_FUNCTION_EXISTS=pthread_create    -rdynamic CMakeFiles/cmTC_dec08.dir/CheckFunctionExists.c.o  -o cmTC_dec08 -lpthreads 
/usr/bin/ld: cannot find -lpthreads
collect2: error: ld returned 1 exit status
CMakeFiles/cmTC_dec08.dir/build.make:97: recipe for target 'cmTC_dec08' failed
make[1]: *** [cmTC_dec08] Error 1
make[1]: Leaving directory '/home/rajendra/ws_moveit/build_isolated/moveit_plugins/CMakeFiles/CMakeTmp'
Makefile:126: recipe for target 'cmTC_dec08/fast' failed
make: *** [cmTC_dec08/fast] Error 2


