Determining if the pthread_create exist failed with the following output:
Change Dir: /home/rajendra/ws_moveit/build_isolated/moveit/CMakeFiles/CMakeTmp

Run Build Command:"/usr/bin/make" "cmTC_c4500/fast"
/usr/bin/make -f CMakeFiles/cmTC_c4500.dir/build.make CMakeFiles/cmTC_c4500.dir/build
make[1]: Entering directory '/home/rajendra/ws_moveit/build_isolated/moveit/CMakeFiles/CMakeTmp'
Building C object CMakeFiles/cmTC_c4500.dir/CheckSymbolExists.c.o
/usr/bin/cc    -o CMakeFiles/cmTC_c4500.dir/CheckSymbolExists.c.o   -c /home/rajendra/ws_moveit/build_isolated/moveit/CMakeFiles/CMakeTmp/CheckSymbolExists.c
Linking C executable cmTC_c4500
/usr/bin/cmake -E cmake_link_script CMakeFiles/cmTC_c4500.dir/link.txt --verbose=1
/usr/bin/cc      -rdynamic CMakeFiles/cmTC_c4500.dir/CheckSymbolExists.c.o  -o cmTC_c4500 
CMakeFiles/cmTC_c4500.dir/CheckSymbolExists.c.o: In function `main':
CheckSymbolExists.c:(.text+0x1b): undefined reference to `pthread_create'
collect2: error: ld returned 1 exit status
CMakeFiles/cmTC_c4500.dir/build.make:97: recipe for target 'cmTC_c4500' failed
make[1]: *** [cmTC_c4500] Error 1
make[1]: Leaving directory '/home/rajendra/ws_moveit/build_isolated/moveit/CMakeFiles/CMakeTmp'
Makefile:126: recipe for target 'cmTC_c4500/fast' failed
make: *** [cmTC_c4500/fast] Error 2

File /home/rajendra/ws_moveit/build_isolated/moveit/CMakeFiles/CMakeTmp/CheckSymbolExists.c:
/* */
#include <pthread.h>

int main(int argc, char** argv)
{
  (void)argv;
#ifndef pthread_create
  return ((int*)(&pthread_create))[argc];
#else
  (void)argc;
  return 0;
#endif
}

Determining if the function pthread_create exists in the pthreads failed with the following output:
Change Dir: /home/rajendra/ws_moveit/build_isolated/moveit/CMakeFiles/CMakeTmp

Run Build Command:"/usr/bin/make" "cmTC_ae9b7/fast"
/usr/bin/make -f CMakeFiles/cmTC_ae9b7.dir/build.make CMakeFiles/cmTC_ae9b7.dir/build
make[1]: Entering directory '/home/rajendra/ws_moveit/build_isolated/moveit/CMakeFiles/CMakeTmp'
Building C object CMakeFiles/cmTC_ae9b7.dir/CheckFunctionExists.c.o
/usr/bin/cc   -DCHECK_FUNCTION_EXISTS=pthread_create   -o CMakeFiles/cmTC_ae9b7.dir/CheckFunctionExists.c.o   -c /usr/share/cmake-3.10/Modules/CheckFunctionExists.c
Linking C executable cmTC_ae9b7
/usr/bin/cmake -E cmake_link_script CMakeFiles/cmTC_ae9b7.dir/link.txt --verbose=1
/usr/bin/cc  -DCHECK_FUNCTION_EXISTS=pthread_create    -rdynamic CMakeFiles/cmTC_ae9b7.dir/CheckFunctionExists.c.o  -o cmTC_ae9b7 -lpthreads 
/usr/bin/ld: cannot find -lpthreads
collect2: error: ld returned 1 exit status
CMakeFiles/cmTC_ae9b7.dir/build.make:97: recipe for target 'cmTC_ae9b7' failed
make[1]: *** [cmTC_ae9b7] Error 1
make[1]: Leaving directory '/home/rajendra/ws_moveit/build_isolated/moveit/CMakeFiles/CMakeTmp'
Makefile:126: recipe for target 'cmTC_ae9b7/fast' failed
make: *** [cmTC_ae9b7/fast] Error 2


