Determining if the pthread_create exist failed with the following output:
Change Dir: /home/rajendra/ws_moveit/build_isolated/moveit_runtime/CMakeFiles/CMakeTmp

Run Build Command:"/usr/bin/make" "cmTC_18c0e/fast"
/usr/bin/make -f CMakeFiles/cmTC_18c0e.dir/build.make CMakeFiles/cmTC_18c0e.dir/build
make[1]: Entering directory '/home/rajendra/ws_moveit/build_isolated/moveit_runtime/CMakeFiles/CMakeTmp'
Building C object CMakeFiles/cmTC_18c0e.dir/CheckSymbolExists.c.o
/usr/bin/cc    -o CMakeFiles/cmTC_18c0e.dir/CheckSymbolExists.c.o   -c /home/rajendra/ws_moveit/build_isolated/moveit_runtime/CMakeFiles/CMakeTmp/CheckSymbolExists.c
Linking C executable cmTC_18c0e
/usr/bin/cmake -E cmake_link_script CMakeFiles/cmTC_18c0e.dir/link.txt --verbose=1
/usr/bin/cc      -rdynamic CMakeFiles/cmTC_18c0e.dir/CheckSymbolExists.c.o  -o cmTC_18c0e 
CMakeFiles/cmTC_18c0e.dir/CheckSymbolExists.c.o: In function `main':
CheckSymbolExists.c:(.text+0x1b): undefined reference to `pthread_create'
collect2: error: ld returned 1 exit status
CMakeFiles/cmTC_18c0e.dir/build.make:97: recipe for target 'cmTC_18c0e' failed
make[1]: *** [cmTC_18c0e] Error 1
make[1]: Leaving directory '/home/rajendra/ws_moveit/build_isolated/moveit_runtime/CMakeFiles/CMakeTmp'
Makefile:126: recipe for target 'cmTC_18c0e/fast' failed
make: *** [cmTC_18c0e/fast] Error 2

File /home/rajendra/ws_moveit/build_isolated/moveit_runtime/CMakeFiles/CMakeTmp/CheckSymbolExists.c:
/* */
#include <pthread.h>

int main(int argc, char** argv)
{
  (void)argv;
#ifndef pthread_create
  return ((int*)(&pthread_create))[argc];
#else
  (void)argc;
  return 0;
#endif
}

Determining if the function pthread_create exists in the pthreads failed with the following output:
Change Dir: /home/rajendra/ws_moveit/build_isolated/moveit_runtime/CMakeFiles/CMakeTmp

Run Build Command:"/usr/bin/make" "cmTC_ed617/fast"
/usr/bin/make -f CMakeFiles/cmTC_ed617.dir/build.make CMakeFiles/cmTC_ed617.dir/build
make[1]: Entering directory '/home/rajendra/ws_moveit/build_isolated/moveit_runtime/CMakeFiles/CMakeTmp'
Building C object CMakeFiles/cmTC_ed617.dir/CheckFunctionExists.c.o
/usr/bin/cc   -DCHECK_FUNCTION_EXISTS=pthread_create   -o CMakeFiles/cmTC_ed617.dir/CheckFunctionExists.c.o   -c /usr/share/cmake-3.10/Modules/CheckFunctionExists.c
Linking C executable cmTC_ed617
/usr/bin/cmake -E cmake_link_script CMakeFiles/cmTC_ed617.dir/link.txt --verbose=1
/usr/bin/cc  -DCHECK_FUNCTION_EXISTS=pthread_create    -rdynamic CMakeFiles/cmTC_ed617.dir/CheckFunctionExists.c.o  -o cmTC_ed617 -lpthreads 
/usr/bin/ld: cannot find -lpthreads
collect2: error: ld returned 1 exit status
CMakeFiles/cmTC_ed617.dir/build.make:97: recipe for target 'cmTC_ed617' failed
make[1]: *** [cmTC_ed617] Error 1
make[1]: Leaving directory '/home/rajendra/ws_moveit/build_isolated/moveit_runtime/CMakeFiles/CMakeTmp'
Makefile:126: recipe for target 'cmTC_ed617/fast' failed
make: *** [cmTC_ed617/fast] Error 2


