Determining if the pthread_create exist failed with the following output:
Change Dir: /home/rajendra/ws_moveit/build_isolated/moveit_ros_visualization/CMakeFiles/CMakeTmp

Run Build Command:"/usr/bin/make" "cmTC_ff843/fast"
/usr/bin/make -f CMakeFiles/cmTC_ff843.dir/build.make CMakeFiles/cmTC_ff843.dir/build
make[1]: Entering directory '/home/rajendra/ws_moveit/build_isolated/moveit_ros_visualization/CMakeFiles/CMakeTmp'
Building C object CMakeFiles/cmTC_ff843.dir/CheckSymbolExists.c.o
/usr/bin/cc    -o CMakeFiles/cmTC_ff843.dir/CheckSymbolExists.c.o   -c /home/rajendra/ws_moveit/build_isolated/moveit_ros_visualization/CMakeFiles/CMakeTmp/CheckSymbolExists.c
Linking C executable cmTC_ff843
/usr/bin/cmake -E cmake_link_script CMakeFiles/cmTC_ff843.dir/link.txt --verbose=1
/usr/bin/cc      -rdynamic CMakeFiles/cmTC_ff843.dir/CheckSymbolExists.c.o  -o cmTC_ff843 
CMakeFiles/cmTC_ff843.dir/CheckSymbolExists.c.o: In function `main':
CheckSymbolExists.c:(.text+0x1b): undefined reference to `pthread_create'
collect2: error: ld returned 1 exit status
CMakeFiles/cmTC_ff843.dir/build.make:97: recipe for target 'cmTC_ff843' failed
make[1]: *** [cmTC_ff843] Error 1
make[1]: Leaving directory '/home/rajendra/ws_moveit/build_isolated/moveit_ros_visualization/CMakeFiles/CMakeTmp'
Makefile:126: recipe for target 'cmTC_ff843/fast' failed
make: *** [cmTC_ff843/fast] Error 2

File /home/rajendra/ws_moveit/build_isolated/moveit_ros_visualization/CMakeFiles/CMakeTmp/CheckSymbolExists.c:
/* */
#include <pthread.h>

int main(int argc, char** argv)
{
  (void)argv;
#ifndef pthread_create
  return ((int*)(&pthread_create))[argc];
#else
  (void)argc;
  return 0;
#endif
}

Determining if the function pthread_create exists in the pthreads failed with the following output:
Change Dir: /home/rajendra/ws_moveit/build_isolated/moveit_ros_visualization/CMakeFiles/CMakeTmp

Run Build Command:"/usr/bin/make" "cmTC_5b79d/fast"
/usr/bin/make -f CMakeFiles/cmTC_5b79d.dir/build.make CMakeFiles/cmTC_5b79d.dir/build
make[1]: Entering directory '/home/rajendra/ws_moveit/build_isolated/moveit_ros_visualization/CMakeFiles/CMakeTmp'
Building C object CMakeFiles/cmTC_5b79d.dir/CheckFunctionExists.c.o
/usr/bin/cc   -DCHECK_FUNCTION_EXISTS=pthread_create   -o CMakeFiles/cmTC_5b79d.dir/CheckFunctionExists.c.o   -c /usr/share/cmake-3.10/Modules/CheckFunctionExists.c
Linking C executable cmTC_5b79d
/usr/bin/cmake -E cmake_link_script CMakeFiles/cmTC_5b79d.dir/link.txt --verbose=1
/usr/bin/cc  -DCHECK_FUNCTION_EXISTS=pthread_create    -rdynamic CMakeFiles/cmTC_5b79d.dir/CheckFunctionExists.c.o  -o cmTC_5b79d -lpthreads 
/usr/bin/ld: cannot find -lpthreads
collect2: error: ld returned 1 exit status
CMakeFiles/cmTC_5b79d.dir/build.make:97: recipe for target 'cmTC_5b79d' failed
make[1]: *** [cmTC_5b79d] Error 1
make[1]: Leaving directory '/home/rajendra/ws_moveit/build_isolated/moveit_ros_visualization/CMakeFiles/CMakeTmp'
Makefile:126: recipe for target 'cmTC_5b79d/fast' failed
make: *** [cmTC_5b79d/fast] Error 2


