Determining if the pthread_create exist failed with the following output:
Change Dir: /home/rajendra/ws_moveit/build_isolated/moveit_ros_control_interface/CMakeFiles/CMakeTmp

Run Build Command:"/usr/bin/make" "cmTC_fa3ff/fast"
/usr/bin/make -f CMakeFiles/cmTC_fa3ff.dir/build.make CMakeFiles/cmTC_fa3ff.dir/build
make[1]: Entering directory '/home/rajendra/ws_moveit/build_isolated/moveit_ros_control_interface/CMakeFiles/CMakeTmp'
Building C object CMakeFiles/cmTC_fa3ff.dir/CheckSymbolExists.c.o
/usr/bin/cc    -o CMakeFiles/cmTC_fa3ff.dir/CheckSymbolExists.c.o   -c /home/rajendra/ws_moveit/build_isolated/moveit_ros_control_interface/CMakeFiles/CMakeTmp/CheckSymbolExists.c
Linking C executable cmTC_fa3ff
/usr/bin/cmake -E cmake_link_script CMakeFiles/cmTC_fa3ff.dir/link.txt --verbose=1
/usr/bin/cc      -rdynamic CMakeFiles/cmTC_fa3ff.dir/CheckSymbolExists.c.o  -o cmTC_fa3ff 
CMakeFiles/cmTC_fa3ff.dir/CheckSymbolExists.c.o: In function `main':
CheckSymbolExists.c:(.text+0x1b): undefined reference to `pthread_create'
collect2: error: ld returned 1 exit status
CMakeFiles/cmTC_fa3ff.dir/build.make:97: recipe for target 'cmTC_fa3ff' failed
make[1]: *** [cmTC_fa3ff] Error 1
make[1]: Leaving directory '/home/rajendra/ws_moveit/build_isolated/moveit_ros_control_interface/CMakeFiles/CMakeTmp'
Makefile:126: recipe for target 'cmTC_fa3ff/fast' failed
make: *** [cmTC_fa3ff/fast] Error 2

File /home/rajendra/ws_moveit/build_isolated/moveit_ros_control_interface/CMakeFiles/CMakeTmp/CheckSymbolExists.c:
/* */
#include <pthread.h>

int main(int argc, char** argv)
{
  (void)argv;
#ifndef pthread_create
  return ((int*)(&pthread_create))[argc];
#else
  (void)argc;
  return 0;
#endif
}

Determining if the function pthread_create exists in the pthreads failed with the following output:
Change Dir: /home/rajendra/ws_moveit/build_isolated/moveit_ros_control_interface/CMakeFiles/CMakeTmp

Run Build Command:"/usr/bin/make" "cmTC_379cd/fast"
/usr/bin/make -f CMakeFiles/cmTC_379cd.dir/build.make CMakeFiles/cmTC_379cd.dir/build
make[1]: Entering directory '/home/rajendra/ws_moveit/build_isolated/moveit_ros_control_interface/CMakeFiles/CMakeTmp'
Building C object CMakeFiles/cmTC_379cd.dir/CheckFunctionExists.c.o
/usr/bin/cc   -DCHECK_FUNCTION_EXISTS=pthread_create   -o CMakeFiles/cmTC_379cd.dir/CheckFunctionExists.c.o   -c /usr/share/cmake-3.10/Modules/CheckFunctionExists.c
Linking C executable cmTC_379cd
/usr/bin/cmake -E cmake_link_script CMakeFiles/cmTC_379cd.dir/link.txt --verbose=1
/usr/bin/cc  -DCHECK_FUNCTION_EXISTS=pthread_create    -rdynamic CMakeFiles/cmTC_379cd.dir/CheckFunctionExists.c.o  -o cmTC_379cd -lpthreads 
/usr/bin/ld: cannot find -lpthreads
collect2: error: ld returned 1 exit status
CMakeFiles/cmTC_379cd.dir/build.make:97: recipe for target 'cmTC_379cd' failed
make[1]: *** [cmTC_379cd] Error 1
make[1]: Leaving directory '/home/rajendra/ws_moveit/build_isolated/moveit_ros_control_interface/CMakeFiles/CMakeTmp'
Makefile:126: recipe for target 'cmTC_379cd/fast' failed
make: *** [cmTC_379cd/fast] Error 2


