Determining if the pthread_create exist failed with the following output:
Change Dir: /home/rajendra/ws_moveit/build_isolated/moveit_commander/CMakeFiles/CMakeTmp

Run Build Command:"/usr/bin/make" "cmTC_a851b/fast"
/usr/bin/make -f CMakeFiles/cmTC_a851b.dir/build.make CMakeFiles/cmTC_a851b.dir/build
make[1]: Entering directory '/home/rajendra/ws_moveit/build_isolated/moveit_commander/CMakeFiles/CMakeTmp'
Building C object CMakeFiles/cmTC_a851b.dir/CheckSymbolExists.c.o
/usr/bin/cc    -o CMakeFiles/cmTC_a851b.dir/CheckSymbolExists.c.o   -c /home/rajendra/ws_moveit/build_isolated/moveit_commander/CMakeFiles/CMakeTmp/CheckSymbolExists.c
Linking C executable cmTC_a851b
/usr/bin/cmake -E cmake_link_script CMakeFiles/cmTC_a851b.dir/link.txt --verbose=1
/usr/bin/cc      -rdynamic CMakeFiles/cmTC_a851b.dir/CheckSymbolExists.c.o  -o cmTC_a851b 
CMakeFiles/cmTC_a851b.dir/CheckSymbolExists.c.o: In function `main':
CheckSymbolExists.c:(.text+0x1b): undefined reference to `pthread_create'
collect2: error: ld returned 1 exit status
CMakeFiles/cmTC_a851b.dir/build.make:97: recipe for target 'cmTC_a851b' failed
make[1]: *** [cmTC_a851b] Error 1
make[1]: Leaving directory '/home/rajendra/ws_moveit/build_isolated/moveit_commander/CMakeFiles/CMakeTmp'
Makefile:126: recipe for target 'cmTC_a851b/fast' failed
make: *** [cmTC_a851b/fast] Error 2

File /home/rajendra/ws_moveit/build_isolated/moveit_commander/CMakeFiles/CMakeTmp/CheckSymbolExists.c:
/* */
#include <pthread.h>

int main(int argc, char** argv)
{
  (void)argv;
#ifndef pthread_create
  return ((int*)(&pthread_create))[argc];
#else
  (void)argc;
  return 0;
#endif
}

Determining if the function pthread_create exists in the pthreads failed with the following output:
Change Dir: /home/rajendra/ws_moveit/build_isolated/moveit_commander/CMakeFiles/CMakeTmp

Run Build Command:"/usr/bin/make" "cmTC_25f0e/fast"
/usr/bin/make -f CMakeFiles/cmTC_25f0e.dir/build.make CMakeFiles/cmTC_25f0e.dir/build
make[1]: Entering directory '/home/rajendra/ws_moveit/build_isolated/moveit_commander/CMakeFiles/CMakeTmp'
Building C object CMakeFiles/cmTC_25f0e.dir/CheckFunctionExists.c.o
/usr/bin/cc   -DCHECK_FUNCTION_EXISTS=pthread_create   -o CMakeFiles/cmTC_25f0e.dir/CheckFunctionExists.c.o   -c /usr/share/cmake-3.10/Modules/CheckFunctionExists.c
Linking C executable cmTC_25f0e
/usr/bin/cmake -E cmake_link_script CMakeFiles/cmTC_25f0e.dir/link.txt --verbose=1
/usr/bin/cc  -DCHECK_FUNCTION_EXISTS=pthread_create    -rdynamic CMakeFiles/cmTC_25f0e.dir/CheckFunctionExists.c.o  -o cmTC_25f0e -lpthreads 
/usr/bin/ld: cannot find -lpthreads
collect2: error: ld returned 1 exit status
CMakeFiles/cmTC_25f0e.dir/build.make:97: recipe for target 'cmTC_25f0e' failed
make[1]: *** [cmTC_25f0e] Error 1
make[1]: Leaving directory '/home/rajendra/ws_moveit/build_isolated/moveit_commander/CMakeFiles/CMakeTmp'
Makefile:126: recipe for target 'cmTC_25f0e/fast' failed
make: *** [cmTC_25f0e/fast] Error 2


