Determining if the pthread_create exist failed with the following output:
Change Dir: /home/rajendra/ws_moveit/build_isolated/chomp_motion_planner/CMakeFiles/CMakeTmp

Run Build Command:"/usr/bin/make" "cmTC_12033/fast"
/usr/bin/make -f CMakeFiles/cmTC_12033.dir/build.make CMakeFiles/cmTC_12033.dir/build
make[1]: Entering directory '/home/rajendra/ws_moveit/build_isolated/chomp_motion_planner/CMakeFiles/CMakeTmp'
Building C object CMakeFiles/cmTC_12033.dir/CheckSymbolExists.c.o
/usr/bin/cc    -o CMakeFiles/cmTC_12033.dir/CheckSymbolExists.c.o   -c /home/rajendra/ws_moveit/build_isolated/chomp_motion_planner/CMakeFiles/CMakeTmp/CheckSymbolExists.c
Linking C executable cmTC_12033
/usr/bin/cmake -E cmake_link_script CMakeFiles/cmTC_12033.dir/link.txt --verbose=1
/usr/bin/cc      -rdynamic CMakeFiles/cmTC_12033.dir/CheckSymbolExists.c.o  -o cmTC_12033 
CMakeFiles/cmTC_12033.dir/CheckSymbolExists.c.o: In function `main':
CheckSymbolExists.c:(.text+0x1b): undefined reference to `pthread_create'
collect2: error: ld returned 1 exit status
CMakeFiles/cmTC_12033.dir/build.make:97: recipe for target 'cmTC_12033' failed
make[1]: *** [cmTC_12033] Error 1
make[1]: Leaving directory '/home/rajendra/ws_moveit/build_isolated/chomp_motion_planner/CMakeFiles/CMakeTmp'
Makefile:126: recipe for target 'cmTC_12033/fast' failed
make: *** [cmTC_12033/fast] Error 2

File /home/rajendra/ws_moveit/build_isolated/chomp_motion_planner/CMakeFiles/CMakeTmp/CheckSymbolExists.c:
/* */
#include <pthread.h>

int main(int argc, char** argv)
{
  (void)argv;
#ifndef pthread_create
  return ((int*)(&pthread_create))[argc];
#else
  (void)argc;
  return 0;
#endif
}

Determining if the function pthread_create exists in the pthreads failed with the following output:
Change Dir: /home/rajendra/ws_moveit/build_isolated/chomp_motion_planner/CMakeFiles/CMakeTmp

Run Build Command:"/usr/bin/make" "cmTC_2cb4a/fast"
/usr/bin/make -f CMakeFiles/cmTC_2cb4a.dir/build.make CMakeFiles/cmTC_2cb4a.dir/build
make[1]: Entering directory '/home/rajendra/ws_moveit/build_isolated/chomp_motion_planner/CMakeFiles/CMakeTmp'
Building C object CMakeFiles/cmTC_2cb4a.dir/CheckFunctionExists.c.o
/usr/bin/cc   -DCHECK_FUNCTION_EXISTS=pthread_create   -o CMakeFiles/cmTC_2cb4a.dir/CheckFunctionExists.c.o   -c /usr/share/cmake-3.10/Modules/CheckFunctionExists.c
Linking C executable cmTC_2cb4a
/usr/bin/cmake -E cmake_link_script CMakeFiles/cmTC_2cb4a.dir/link.txt --verbose=1
/usr/bin/cc  -DCHECK_FUNCTION_EXISTS=pthread_create    -rdynamic CMakeFiles/cmTC_2cb4a.dir/CheckFunctionExists.c.o  -o cmTC_2cb4a -lpthreads 
/usr/bin/ld: cannot find -lpthreads
collect2: error: ld returned 1 exit status
CMakeFiles/cmTC_2cb4a.dir/build.make:97: recipe for target 'cmTC_2cb4a' failed
make[1]: *** [cmTC_2cb4a] Error 1
make[1]: Leaving directory '/home/rajendra/ws_moveit/build_isolated/chomp_motion_planner/CMakeFiles/CMakeTmp'
Makefile:126: recipe for target 'cmTC_2cb4a/fast' failed
make: *** [cmTC_2cb4a/fast] Error 2


