Determining if the pthread_create exist failed with the following output:
Change Dir: /home/rajendra/ws_moveit/build_isolated/moveit_ros_planning_interface/CMakeFiles/CMakeTmp

Run Build Command:"/usr/bin/make" "cmTC_7c021/fast"
/usr/bin/make -f CMakeFiles/cmTC_7c021.dir/build.make CMakeFiles/cmTC_7c021.dir/build
make[1]: Entering directory '/home/rajendra/ws_moveit/build_isolated/moveit_ros_planning_interface/CMakeFiles/CMakeTmp'
Building C object CMakeFiles/cmTC_7c021.dir/CheckSymbolExists.c.o
/usr/bin/cc    -o CMakeFiles/cmTC_7c021.dir/CheckSymbolExists.c.o   -c /home/rajendra/ws_moveit/build_isolated/moveit_ros_planning_interface/CMakeFiles/CMakeTmp/CheckSymbolExists.c
Linking C executable cmTC_7c021
/usr/bin/cmake -E cmake_link_script CMakeFiles/cmTC_7c021.dir/link.txt --verbose=1
/usr/bin/cc      -rdynamic CMakeFiles/cmTC_7c021.dir/CheckSymbolExists.c.o  -o cmTC_7c021 
CMakeFiles/cmTC_7c021.dir/CheckSymbolExists.c.o: In function `main':
CheckSymbolExists.c:(.text+0x1b): undefined reference to `pthread_create'
collect2: error: ld returned 1 exit status
CMakeFiles/cmTC_7c021.dir/build.make:97: recipe for target 'cmTC_7c021' failed
make[1]: *** [cmTC_7c021] Error 1
make[1]: Leaving directory '/home/rajendra/ws_moveit/build_isolated/moveit_ros_planning_interface/CMakeFiles/CMakeTmp'
Makefile:126: recipe for target 'cmTC_7c021/fast' failed
make: *** [cmTC_7c021/fast] Error 2

File /home/rajendra/ws_moveit/build_isolated/moveit_ros_planning_interface/CMakeFiles/CMakeTmp/CheckSymbolExists.c:
/* */
#include <pthread.h>

int main(int argc, char** argv)
{
  (void)argv;
#ifndef pthread_create
  return ((int*)(&pthread_create))[argc];
#else
  (void)argc;
  return 0;
#endif
}

Determining if the function pthread_create exists in the pthreads failed with the following output:
Change Dir: /home/rajendra/ws_moveit/build_isolated/moveit_ros_planning_interface/CMakeFiles/CMakeTmp

Run Build Command:"/usr/bin/make" "cmTC_15eec/fast"
/usr/bin/make -f CMakeFiles/cmTC_15eec.dir/build.make CMakeFiles/cmTC_15eec.dir/build
make[1]: Entering directory '/home/rajendra/ws_moveit/build_isolated/moveit_ros_planning_interface/CMakeFiles/CMakeTmp'
Building C object CMakeFiles/cmTC_15eec.dir/CheckFunctionExists.c.o
/usr/bin/cc   -DCHECK_FUNCTION_EXISTS=pthread_create   -o CMakeFiles/cmTC_15eec.dir/CheckFunctionExists.c.o   -c /usr/share/cmake-3.10/Modules/CheckFunctionExists.c
Linking C executable cmTC_15eec
/usr/bin/cmake -E cmake_link_script CMakeFiles/cmTC_15eec.dir/link.txt --verbose=1
/usr/bin/cc  -DCHECK_FUNCTION_EXISTS=pthread_create    -rdynamic CMakeFiles/cmTC_15eec.dir/CheckFunctionExists.c.o  -o cmTC_15eec -lpthreads 
/usr/bin/ld: cannot find -lpthreads
collect2: error: ld returned 1 exit status
CMakeFiles/cmTC_15eec.dir/build.make:97: recipe for target 'cmTC_15eec' failed
make[1]: *** [cmTC_15eec] Error 1
make[1]: Leaving directory '/home/rajendra/ws_moveit/build_isolated/moveit_ros_planning_interface/CMakeFiles/CMakeTmp'
Makefile:126: recipe for target 'cmTC_15eec/fast' failed
make: *** [cmTC_15eec/fast] Error 2


