Determining if the pthread_create exist failed with the following output:
Change Dir: /home/rajendra/ws_moveit/build/CMakeFiles/CMakeTmp

Run Build Command:"/usr/bin/make" "cmTC_b1a1b/fast"
make[2]: Entering directory '/home/rajendra/ws_moveit/build/CMakeFiles/CMakeTmp'
/usr/bin/make -f CMakeFiles/cmTC_b1a1b.dir/build.make CMakeFiles/cmTC_b1a1b.dir/build
make[3]: Entering directory '/home/rajendra/ws_moveit/build/CMakeFiles/CMakeTmp'
Building C object CMakeFiles/cmTC_b1a1b.dir/CheckSymbolExists.c.o
/usr/bin/cc    -o CMakeFiles/cmTC_b1a1b.dir/CheckSymbolExists.c.o   -c /home/rajendra/ws_moveit/build/CMakeFiles/CMakeTmp/CheckSymbolExists.c
Linking C executable cmTC_b1a1b
/usr/bin/cmake -E cmake_link_script CMakeFiles/cmTC_b1a1b.dir/link.txt --verbose=1
/usr/bin/cc      -rdynamic CMakeFiles/cmTC_b1a1b.dir/CheckSymbolExists.c.o  -o cmTC_b1a1b 
CMakeFiles/cmTC_b1a1b.dir/CheckSymbolExists.c.o: In function `main':
CheckSymbolExists.c:(.text+0x1b): undefined reference to `pthread_create'
collect2: error: ld returned 1 exit status
CMakeFiles/cmTC_b1a1b.dir/build.make:97: recipe for target 'cmTC_b1a1b' failed
make[3]: *** [cmTC_b1a1b] Error 1
make[3]: Leaving directory '/home/rajendra/ws_moveit/build/CMakeFiles/CMakeTmp'
Makefile:126: recipe for target 'cmTC_b1a1b/fast' failed
make[2]: *** [cmTC_b1a1b/fast] Error 2
make[2]: Leaving directory '/home/rajendra/ws_moveit/build/CMakeFiles/CMakeTmp'

File /home/rajendra/ws_moveit/build/CMakeFiles/CMakeTmp/CheckSymbolExists.c:
/* */
#include <pthread.h>

int main(int argc, char** argv)
{
  (void)argv;
#ifndef pthread_create
  return ((int*)(&pthread_create))[argc];
#else
  (void)argc;
  return 0;
#endif
}

Determining if the function pthread_create exists in the pthreads failed with the following output:
Change Dir: /home/rajendra/ws_moveit/build/CMakeFiles/CMakeTmp

Run Build Command:"/usr/bin/make" "cmTC_af2f2/fast"
make[2]: Entering directory '/home/rajendra/ws_moveit/build/CMakeFiles/CMakeTmp'
/usr/bin/make -f CMakeFiles/cmTC_af2f2.dir/build.make CMakeFiles/cmTC_af2f2.dir/build
make[3]: Entering directory '/home/rajendra/ws_moveit/build/CMakeFiles/CMakeTmp'
Building C object CMakeFiles/cmTC_af2f2.dir/CheckFunctionExists.c.o
/usr/bin/cc   -DCHECK_FUNCTION_EXISTS=pthread_create   -o CMakeFiles/cmTC_af2f2.dir/CheckFunctionExists.c.o   -c /usr/share/cmake-3.10/Modules/CheckFunctionExists.c
Linking C executable cmTC_af2f2
/usr/bin/cmake -E cmake_link_script CMakeFiles/cmTC_af2f2.dir/link.txt --verbose=1
/usr/bin/cc  -DCHECK_FUNCTION_EXISTS=pthread_create    -rdynamic CMakeFiles/cmTC_af2f2.dir/CheckFunctionExists.c.o  -o cmTC_af2f2 -lpthreads 
/usr/bin/ld: cannot find -lpthreads
collect2: error: ld returned 1 exit status
CMakeFiles/cmTC_af2f2.dir/build.make:97: recipe for target 'cmTC_af2f2' failed
make[3]: *** [cmTC_af2f2] Error 1
make[3]: Leaving directory '/home/rajendra/ws_moveit/build/CMakeFiles/CMakeTmp'
Makefile:126: recipe for target 'cmTC_af2f2/fast' failed
make[2]: *** [cmTC_af2f2/fast] Error 2
make[2]: Leaving directory '/home/rajendra/ws_moveit/build/CMakeFiles/CMakeTmp'


