Determining if the pthread_create exist failed with the following output:
Change Dir: /home/rajendra/ws_moveit/build_isolated/panda_moveit_config/CMakeFiles/CMakeTmp

Run Build Command:"/usr/bin/make" "cmTC_0acb9/fast"
/usr/bin/make -f CMakeFiles/cmTC_0acb9.dir/build.make CMakeFiles/cmTC_0acb9.dir/build
make[1]: Entering directory '/home/rajendra/ws_moveit/build_isolated/panda_moveit_config/CMakeFiles/CMakeTmp'
Building C object CMakeFiles/cmTC_0acb9.dir/CheckSymbolExists.c.o
/usr/bin/cc    -o CMakeFiles/cmTC_0acb9.dir/CheckSymbolExists.c.o   -c /home/rajendra/ws_moveit/build_isolated/panda_moveit_config/CMakeFiles/CMakeTmp/CheckSymbolExists.c
Linking C executable cmTC_0acb9
/usr/bin/cmake -E cmake_link_script CMakeFiles/cmTC_0acb9.dir/link.txt --verbose=1
/usr/bin/cc      -rdynamic CMakeFiles/cmTC_0acb9.dir/CheckSymbolExists.c.o  -o cmTC_0acb9 
CMakeFiles/cmTC_0acb9.dir/CheckSymbolExists.c.o: In function `main':
CheckSymbolExists.c:(.text+0x1b): undefined reference to `pthread_create'
collect2: error: ld returned 1 exit status
CMakeFiles/cmTC_0acb9.dir/build.make:97: recipe for target 'cmTC_0acb9' failed
make[1]: *** [cmTC_0acb9] Error 1
make[1]: Leaving directory '/home/rajendra/ws_moveit/build_isolated/panda_moveit_config/CMakeFiles/CMakeTmp'
Makefile:126: recipe for target 'cmTC_0acb9/fast' failed
make: *** [cmTC_0acb9/fast] Error 2

File /home/rajendra/ws_moveit/build_isolated/panda_moveit_config/CMakeFiles/CMakeTmp/CheckSymbolExists.c:
/* */
#include <pthread.h>

int main(int argc, char** argv)
{
  (void)argv;
#ifndef pthread_create
  return ((int*)(&pthread_create))[argc];
#else
  (void)argc;
  return 0;
#endif
}

Determining if the function pthread_create exists in the pthreads failed with the following output:
Change Dir: /home/rajendra/ws_moveit/build_isolated/panda_moveit_config/CMakeFiles/CMakeTmp

Run Build Command:"/usr/bin/make" "cmTC_3275e/fast"
/usr/bin/make -f CMakeFiles/cmTC_3275e.dir/build.make CMakeFiles/cmTC_3275e.dir/build
make[1]: Entering directory '/home/rajendra/ws_moveit/build_isolated/panda_moveit_config/CMakeFiles/CMakeTmp'
Building C object CMakeFiles/cmTC_3275e.dir/CheckFunctionExists.c.o
/usr/bin/cc   -DCHECK_FUNCTION_EXISTS=pthread_create   -o CMakeFiles/cmTC_3275e.dir/CheckFunctionExists.c.o   -c /usr/share/cmake-3.10/Modules/CheckFunctionExists.c
Linking C executable cmTC_3275e
/usr/bin/cmake -E cmake_link_script CMakeFiles/cmTC_3275e.dir/link.txt --verbose=1
/usr/bin/cc  -DCHECK_FUNCTION_EXISTS=pthread_create    -rdynamic CMakeFiles/cmTC_3275e.dir/CheckFunctionExists.c.o  -o cmTC_3275e -lpthreads 
/usr/bin/ld: cannot find -lpthreads
collect2: error: ld returned 1 exit status
CMakeFiles/cmTC_3275e.dir/build.make:97: recipe for target 'cmTC_3275e' failed
make[1]: *** [cmTC_3275e] Error 1
make[1]: Leaving directory '/home/rajendra/ws_moveit/build_isolated/panda_moveit_config/CMakeFiles/CMakeTmp'
Makefile:126: recipe for target 'cmTC_3275e/fast' failed
make: *** [cmTC_3275e/fast] Error 2


